# JRE version: OpenJDK Runtime Environment Corretto-21.0.3.9.1 (21.0.3+9) (build 21.0.3+9-LTS)
# Java VM: OpenJDK 64-Bit Server VM Corretto-21.0.3.9.1 (21.0.3+9-LTS, mixed mode, sharing, tiered, compressed oops, compressed class ptrs, g1 gc, windows-amd64)
GC Precious Log:
 CardTable entry size: 512
 Card Set container configuration: InlinePtr #cards 5 size 8 Array Of Cards #cards 12 size 40 Howl #buckets 4 coarsen threshold 1843 Howl Bitmap #cards 512 size 80 coarsen threshold 460 Card regions per heap region 1 cards per card region 2048
 CPUs: 8 total, 8 available
 Memory: 8038M
 Large Page Support: Disabled
 NUMA Support: Disabled
 Compressed Oops: Enabled (32-bit)
 Heap Region Size: 1M
 Heap Min Capacity: 8M
 Heap Initial Capacity: 126M
 Heap Max Capacity: 2010M
 Pre-touch: Disabled
 Parallel Workers: 8
 Concurrent Workers: 2
 Concurrent Refinement Workers: 8
 Periodic GC: Disabled
Heap:
 garbage-first heap   total 140288K, used 79263K [0x0000000082600000, 0x0000000100000000)
  region size 1024K, 30 young (30720K), 8 survivors (8192K)
 Metaspace       used 40632K, committed 41152K, reserved 1114112K
  class space    used 4625K, committed 4864K, reserved 1048576K
GC Heap History (18 events):
Event: 1.215 GC heap before
{Heap before GC invocations=0 (full 0):
 garbage-first heap   total 129024K, used 22528K [0x0000000082600000, 0x0000000100000000)
  region size 1024K, 23 young (23552K), 0 survivors (0K)
 Metaspace       used 6405K, committed 6592K, reserved 1114112K
  class space    used 718K, committed 832K, reserved 1048576K
}
Event: 1.222 GC heap after
{Heap after GC invocations=1 (full 0):
 garbage-first heap   total 129024K, used 4394K [0x0000000082600000, 0x0000000100000000)
  region size 1024K, 3 young (3072K), 3 survivors (3072K)
 Metaspace       used 6405K, committed 6592K, reserved 1114112K
  class space    used 718K, committed 832K, reserved 1048576K
}
Event: 1.996 GC heap before
{Heap before GC invocations=1 (full 0):
 garbage-first heap   total 129024K, used 34090K [0x0000000082600000, 0x0000000100000000)
  region size 1024K, 32 young (32768K), 3 survivors (3072K)
 Metaspace       used 10301K, committed 10496K, reserved 1114112K
  class space    used 1191K, committed 1280K, reserved 1048576K
}
Event: 2.004 GC heap after
{Heap after GC invocations=2 (full 0):
 garbage-first heap   total 129024K, used 6252K [0x0000000082600000, 0x0000000100000000)
  region size 1024K, 2 young (2048K), 2 survivors (2048K)
 Metaspace       used 10301K, committed 10496K, reserved 1114112K
  class space    used 1191K, committed 1280K, reserved 1048576K
}
Event: 4.057 GC heap before
{Heap before GC invocations=2 (full 0):
 garbage-first heap   total 129024K, used 81004K [0x0000000082600000, 0x0000000100000000)
  region size 1024K, 75 young (76800K), 2 survivors (2048K)
 Metaspace       used 16753K, committed 17024K, reserved 1114112K
  class space    used 1915K, committed 2048K, reserved 1048576K
}
Event: 4.080 GC heap after
{Heap after GC invocations=3 (full 0):
 garbage-first heap   total 129024K, used 14762K [0x0000000082600000, 0x0000000100000000)
  region size 1024K, 10 young (10240K), 10 survivors (10240K)
 Metaspace       used 16753K, committed 17024K, reserved 1114112K
  class space    used 1915K, committed 2048K, reserved 1048576K
}
Event: 5.832 GC heap before
{Heap before GC invocations=3 (full 0):
 garbage-first heap   total 129024K, used 81322K [0x0000000082600000, 0x0000000100000000)
  region size 1024K, 75 young (76800K), 10 survivors (10240K)
 Metaspace       used 19147K, committed 19456K, reserved 1114112K
  class space    used 2103K, committed 2240K, reserved 1048576K
}
Event: 5.864 GC heap after
{Heap after GC invocations=4 (full 0):
 garbage-first heap   total 129024K, used 18491K [0x0000000082600000, 0x0000000100000000)
  region size 1024K, 5 young (5120K), 5 survivors (5120K)
 Metaspace       used 19147K, committed 19456K, reserved 1114112K
  class space    used 2103K, committed 2240K, reserved 1048576K
}
Event: 6.393 GC heap before
{Heap before GC invocations=4 (full 0):
 garbage-first heap   total 129024K, used 39995K [0x0000000082600000, 0x0000000100000000)
  region size 1024K, 23 young (23552K), 5 survivors (5120K)
 Metaspace       used 21234K, committed 21504K, reserved 1114112K
  class space    used 2366K, committed 2496K, reserved 1048576K
}
Event: 6.404 GC heap after
{Heap after GC invocations=5 (full 0):
 garbage-first heap   total 129024K, used 26171K [0x0000000082600000, 0x0000000100000000)
  region size 1024K, 8 young (8192K), 8 survivors (8192K)
 Metaspace       used 21234K, committed 21504K, reserved 1114112K
  class space    used 2366K, committed 2496K, reserved 1048576K
}
Event: 8.253 GC heap before
{Heap before GC invocations=6 (full 0):
 garbage-first heap   total 92160K, used 90683K [0x0000000082600000, 0x0000000100000000)
  region size 1024K, 70 young (71680K), 8 survivors (8192K)
 Metaspace       used 28387K, committed 28800K, reserved 1114112K
  class space    used 3202K, committed 3392K, reserved 1048576K
}
Event: 8.294 GC heap after
{Heap after GC invocations=7 (full 0):
 garbage-first heap   total 140288K, used 42043K [0x0000000082600000, 0x0000000100000000)
  region size 1024K, 10 young (10240K), 10 survivors (10240K)
 Metaspace       used 28387K, committed 28800K, reserved 1114112K
  class space    used 3202K, committed 3392K, reserved 1048576K
}
Event: 11.417 GC heap before
{Heap before GC invocations=7 (full 0):
 garbage-first heap   total 140288K, used 112699K [0x0000000082600000, 0x0000000100000000)
  region size 1024K, 75 young (76800K), 10 survivors (10240K)
 Metaspace       used 30587K, committed 31040K, reserved 1114112K
  class space    used 3472K, committed 3712K, reserved 1048576K
}
Event: 11.432 GC heap after
{Heap after GC invocations=8 (full 0):
 garbage-first heap   total 140288K, used 55131K [0x0000000082600000, 0x0000000100000000)
  region size 1024K, 10 young (10240K), 10 survivors (10240K)
 Metaspace       used 30587K, committed 31040K, reserved 1114112K
  class space    used 3472K, committed 3712K, reserved 1048576K
}
Event: 12.141 GC heap before
{Heap before GC invocations=8 (full 0):
 garbage-first heap   total 140288K, used 106331K [0x0000000082600000, 0x0000000100000000)
  region size 1024K, 61 young (62464K), 10 survivors (10240K)
 Metaspace       used 32045K, committed 32512K, reserved 1114112K
  class space    used 3638K, committed 3840K, reserved 1048576K
}
Event: 12.152 GC heap after
{Heap after GC invocations=9 (full 0):
 garbage-first heap   total 140288K, used 54272K [0x0000000082600000, 0x0000000100000000)
  region size 1024K, 5 young (5120K), 5 survivors (5120K)
 Metaspace       used 32045K, committed 32512K, reserved 1114112K
  class space    used 3638K, committed 3840K, reserved 1048576K
}
Event: 13.611 GC heap before
{Heap before GC invocations=9 (full 0):
 garbage-first heap   total 140288K, used 99328K [0x0000000082600000, 0x0000000100000000)
  region size 1024K, 50 young (51200K), 5 survivors (5120K)
 Metaspace       used 35870K, committed 36288K, reserved 1114112K
  class space    used 3993K, committed 4160K, reserved 1048576K
}
Event: 13.618 GC heap after
{Heap after GC invocations=10 (full 0):
 garbage-first heap   total 140288K, used 58783K [0x0000000082600000, 0x0000000100000000)
  region size 1024K, 8 young (8192K), 8 survivors (8192K)
 Metaspace       used 35870K, committed 36288K, reserved 1114112K
  class space    used 3993K, committed 4160K, reserved 1048576K
}

