# JRE version: OpenJDK Runtime Environment Corretto-21.0.3.9.1 (21.0.3+9) (build 21.0.3+9-LTS)
# Java VM: OpenJDK 64-Bit Server VM Corretto-21.0.3.9.1 (21.0.3+9-LTS, mixed mode, emulated-client, sharing, tiered, compressed oops, compressed class ptrs, g1 gc, windows-amd64)
GC Precious Log:
 CardTable entry size: 512
 Card Set container configuration: InlinePtr #cards 5 size 8 Array Of Cards #cards 12 size 40 Howl #buckets 4 coarsen threshold 1843 Howl Bitmap #cards 512 size 80 coarsen threshold 460 Card regions per heap region 1 cards per card region 2048
 CPUs: 8 total, 8 available
 Memory: 8038M
 Large Page Support: Disabled
 NUMA Support: Disabled
 Compressed Oops: Enabled (32-bit)
 Heap Region Size: 1M
 Heap Min Capacity: 8M
 Heap Initial Capacity: 126M
 Heap Max Capacity: 2010M
 Pre-touch: Disabled
 Parallel Workers: 8
 Concurrent Workers: 2
 Concurrent Refinement Workers: 8
 Periodic GC: Disabled
Heap:
 garbage-first heap   total 79872K, used 26847K [0x0000000082600000, 0x0000000100000000)
  region size 1024K, 6 young (6144K), 5 survivors (5120K)
 Metaspace       used 55438K, committed 56448K, reserved 1114112K
  class space    used 7686K, committed 8128K, reserved 1048576K
GC Heap History (20 events):
Event: 23.704 GC heap after
{Heap after GC invocations=13 (full 1):
 garbage-first heap   total 66560K, used 25892K [0x0000000082600000, 0x0000000100000000)
  region size 1024K, 3 young (3072K), 3 survivors (3072K)
 Metaspace       used 53676K, committed 54400K, reserved 1114112K
  class space    used 7502K, committed 7808K, reserved 1048576K
}
Event: 26.800 GC heap before
{Heap before GC invocations=13 (full 1):
 garbage-first heap   total 66560K, used 54564K [0x0000000082600000, 0x0000000100000000)
  region size 1024K, 33 young (33792K), 3 survivors (3072K)
 Metaspace       used 53779K, committed 54592K, reserved 1114112K
  class space    used 7509K, committed 7872K, reserved 1048576K
}
Event: 26.851 GC heap after
{Heap after GC invocations=14 (full 2):
 garbage-first heap   total 66560K, used 22963K [0x0000000082600000, 0x0000000100000000)
  region size 1024K, 0 young (0K), 0 survivors (0K)
 Metaspace       used 53776K, committed 54592K, reserved 1114112K
  class space    used 7508K, committed 7872K, reserved 1048576K
}
Event: 27.402 GC heap before
{Heap before GC invocations=14 (full 2):
 garbage-first heap   total 66560K, used 53683K [0x0000000082600000, 0x0000000100000000)
  region size 1024K, 31 young (31744K), 0 survivors (0K)
 Metaspace       used 53793K, committed 54592K, reserved 1114112K
  class space    used 7512K, committed 7872K, reserved 1048576K
}
Event: 27.406 GC heap after
{Heap after GC invocations=15 (full 2):
 garbage-first heap   total 66560K, used 26012K [0x0000000082600000, 0x0000000100000000)
  region size 1024K, 3 young (3072K), 3 survivors (3072K)
 Metaspace       used 53793K, committed 54592K, reserved 1114112K
  class space    used 7512K, committed 7872K, reserved 1048576K
}
Event: 28.362 GC heap before
{Heap before GC invocations=15 (full 2):
 garbage-first heap   total 66560K, used 54684K [0x0000000082600000, 0x0000000100000000)
  region size 1024K, 32 young (32768K), 3 survivors (3072K)
 Metaspace       used 53901K, committed 54656K, reserved 1114112K
  class space    used 7520K, committed 7872K, reserved 1048576K
}
Event: 28.366 GC heap after
{Heap after GC invocations=16 (full 2):
 garbage-first heap   total 66560K, used 28591K [0x0000000082600000, 0x0000000100000000)
  region size 1024K, 3 young (3072K), 3 survivors (3072K)
 Metaspace       used 53901K, committed 54656K, reserved 1114112K
  class space    used 7520K, committed 7872K, reserved 1048576K
}
Event: 126.789 GC heap before
{Heap before GC invocations=16 (full 2):
 garbage-first heap   total 66560K, used 38831K [0x0000000082600000, 0x0000000100000000)
  region size 1024K, 14 young (14336K), 3 survivors (3072K)
 Metaspace       used 55431K, committed 56192K, reserved 1114112K
  class space    used 7743K, committed 8064K, reserved 1048576K
}
Event: 126.943 GC heap after
{Heap after GC invocations=17 (full 3):
 garbage-first heap   total 66560K, used 23962K [0x0000000082600000, 0x0000000100000000)
  region size 1024K, 0 young (0K), 0 survivors (0K)
 Metaspace       used 55429K, committed 56192K, reserved 1114112K
  class space    used 7743K, committed 8064K, reserved 1048576K
}
Event: 127.687 GC heap before
{Heap before GC invocations=17 (full 3):
 garbage-first heap   total 66560K, used 54682K [0x0000000082600000, 0x0000000100000000)
  region size 1024K, 31 young (31744K), 0 survivors (0K)
 Metaspace       used 55432K, committed 56192K, reserved 1114112K
  class space    used 7744K, committed 8064K, reserved 1048576K
}
Event: 127.696 GC heap after
{Heap after GC invocations=18 (full 3):
 garbage-first heap   total 66560K, used 26921K [0x0000000082600000, 0x0000000100000000)
  region size 1024K, 3 young (3072K), 3 survivors (3072K)
 Metaspace       used 55432K, committed 56192K, reserved 1114112K
  class space    used 7744K, committed 8064K, reserved 1048576K
}
Event: 128.119 GC heap before
{Heap before GC invocations=18 (full 3):
 garbage-first heap   total 66560K, used 56617K [0x0000000082600000, 0x0000000100000000)
  region size 1024K, 32 young (32768K), 3 survivors (3072K)
 Metaspace       used 55537K, committed 56384K, reserved 1114112K
  class space    used 7750K, committed 8128K, reserved 1048576K
}
Event: 128.126 GC heap after
{Heap after GC invocations=19 (full 3):
 garbage-first heap   total 66560K, used 29538K [0x0000000082600000, 0x0000000100000000)
  region size 1024K, 3 young (3072K), 3 survivors (3072K)
 Metaspace       used 55537K, committed 56384K, reserved 1114112K
  class space    used 7750K, committed 8128K, reserved 1048576K
}
Event: 129.544 GC heap before
{Heap before GC invocations=19 (full 3):
 garbage-first heap   total 66560K, used 31586K [0x0000000082600000, 0x0000000100000000)
  region size 1024K, 6 young (6144K), 3 survivors (3072K)
 Metaspace       used 55539K, committed 56384K, reserved 1114112K
  class space    used 7750K, committed 8128K, reserved 1048576K
}
Event: 129.581 GC heap after
{Heap after GC invocations=20 (full 4):
 garbage-first heap   total 66560K, used 22621K [0x0000000082600000, 0x0000000100000000)
  region size 1024K, 0 young (0K), 0 survivors (0K)
 Metaspace       used 55169K, committed 56384K, reserved 1114112K
  class space    used 7655K, committed 8128K, reserved 1048576K
}
Event: 130.035 GC heap before
{Heap before GC invocations=20 (full 4):
 garbage-first heap   total 66560K, used 53341K [0x0000000082600000, 0x0000000100000000)
  region size 1024K, 31 young (31744K), 0 survivors (0K)
 Metaspace       used 55190K, committed 56384K, reserved 1114112K
  class space    used 7660K, committed 8128K, reserved 1048576K
}
Event: 130.039 GC heap after
{Heap after GC invocations=21 (full 4):
 garbage-first heap   total 79872K, used 25649K [0x0000000082600000, 0x0000000100000000)
  region size 1024K, 3 young (3072K), 3 survivors (3072K)
 Metaspace       used 55190K, committed 56384K, reserved 1114112K
  class space    used 7660K, committed 8128K, reserved 1048576K
}
Event: 158.671 GC heap before
{Heap before GC invocations=21 (full 4):
 garbage-first heap   total 79872K, used 64561K [0x0000000082600000, 0x0000000100000000)
  region size 1024K, 41 young (41984K), 3 survivors (3072K)
 Metaspace       used 55399K, committed 56448K, reserved 1114112K
  class space    used 7680K, committed 8128K, reserved 1048576K
}
Event: 158.681 GC heap after
{Heap after GC invocations=22 (full 4):
 garbage-first heap   total 79872K, used 26847K [0x0000000082600000, 0x0000000100000000)
  region size 1024K, 5 young (5120K), 5 survivors (5120K)
 Metaspace       used 55399K, committed 56448K, reserved 1114112K
  class space    used 7680K, committed 8128K, reserved 1048576K
}
Event: 158.757 GC heap before
{Heap before GC invocations=22 (full 4):
 garbage-first heap   total 79872K, used 26847K [0x0000000082600000, 0x0000000100000000)
  region size 1024K, 6 young (6144K), 5 survivors (5120K)
 Metaspace       used 55438K, committed 56448K, reserved 1114112K
  class space    used 7686K, committed 8128K, reserved 1048576K
}

